<?xml version="1.0" encoding="UTF-8"?>
<coverage generated="1778539820514" clover="3.2.0">
  <project timestamp="1778539820514" name="All files">
    <metrics statements="149" coveredstatements="133" conditionals="76" coveredconditionals="66" methods="52" coveredmethods="48" elements="277" coveredelements="247" complexity="0" loc="149" ncloc="149" packages="3" files="12" classes="12"/>
    <package name="src">
      <metrics statements="58" coveredstatements="45" conditionals="28" coveredconditionals="18" methods="15" coveredmethods="13"/>
      <file name="App.tsx" path="C:\Users\Aka\Desktop\RS-School\my-app\src\App.tsx">
        <metrics statements="45" coveredstatements="45" conditionals="20" coveredconditionals="18" methods="14" coveredmethods="13"/>
        <line num="13" count="1" type="stmt"/>
        <line num="14" count="1" type="stmt"/>
        <line num="15" count="1" type="stmt"/>
        <line num="19" count="9" type="stmt"/>
        <line num="21" count="9" type="cond" truecount="2" falsecount="0"/>
        <line num="22" count="9" type="stmt"/>
        <line num="24" count="9" type="stmt"/>
        <line num="37" count="9" type="stmt"/>
        <line num="41" count="9" type="stmt"/>
        <line num="42" count="9" type="stmt"/>
        <line num="43" count="9" type="cond" truecount="2" falsecount="0"/>
        <line num="44" count="2" type="stmt"/>
        <line num="45" count="2" type="cond" truecount="2" falsecount="0"/>
        <line num="46" count="2" type="stmt"/>
        <line num="52" count="8" type="stmt"/>
        <line num="56" count="2" type="stmt"/>
        <line num="60" count="1" type="cond" truecount="1" falsecount="1"/>
        <line num="62" count="1" type="stmt"/>
        <line num="63" count="1" type="stmt"/>
        <line num="64" count="1" type="stmt"/>
        <line num="65" count="1" type="stmt"/>
        <line num="68" count="11" type="stmt"/>
        <line num="69" count="11" type="stmt"/>
        <line num="71" count="11" type="stmt"/>
        <line num="72" count="11" type="stmt"/>
        <line num="73" count="10" type="stmt"/>
        <line num="81" count="1" type="cond" truecount="1" falsecount="1"/>
        <line num="82" count="1" type="stmt"/>
        <line num="92" count="2" type="stmt"/>
        <line num="93" count="2" type="stmt"/>
        <line num="95" count="2" type="cond" truecount="2" falsecount="0"/>
        <line num="96" count="1" type="stmt"/>
        <line num="99" count="1" type="stmt"/>
        <line num="100" count="1" type="stmt"/>
        <line num="102" count="1" type="stmt"/>
        <line num="109" count="1" type="stmt"/>
        <line num="114" count="1" type="stmt"/>
        <line num="115" count="1" type="stmt"/>
        <line num="116" count="1" type="stmt"/>
        <line num="119" count="1" type="stmt"/>
        <line num="120" count="2" type="stmt"/>
        <line num="121" count="1" type="stmt"/>
        <line num="122" count="1" type="stmt"/>
        <line num="126" count="32" type="stmt"/>
        <line num="128" count="32" type="stmt"/>
      </file>
      <file name="api.ts" path="C:\Users\Aka\Desktop\RS-School\my-app\src\api.ts">
        <metrics statements="13" coveredstatements="0" conditionals="8" coveredconditionals="0" methods="1" coveredmethods="0"/>
        <line num="3" count="0" type="stmt"/>
        <line num="9" count="0" type="stmt"/>
        <line num="10" count="0" type="stmt"/>
        <line num="12" count="0" type="cond" truecount="0" falsecount="2"/>
        <line num="13" count="0" type="stmt"/>
        <line num="16" count="0" type="stmt"/>
        <line num="17" count="0" type="stmt"/>
        <line num="19" count="0" type="cond" truecount="0" falsecount="2"/>
        <line num="20" count="0" type="cond" truecount="0" falsecount="2"/>
        <line num="21" count="0" type="stmt"/>
        <line num="26" count="0" type="stmt"/>
        <line num="31" count="0" type="stmt"/>
        <line num="32" count="0" type="stmt"/>
      </file>
      <file name="types.ts" path="C:\Users\Aka\Desktop\RS-School\my-app\src\types.ts">
        <metrics statements="0" coveredstatements="0" conditionals="0" coveredconditionals="0" methods="0" coveredmethods="0"/>
      </file>
    </package>
    <package name="src.__mocks__">
      <metrics statements="1" coveredstatements="0" conditionals="0" coveredconditionals="0" methods="0" coveredmethods="0"/>
      <file name="api.ts" path="C:\Users\Aka\Desktop\RS-School\my-app\src\__mocks__\api.ts">
        <metrics statements="1" coveredstatements="0" conditionals="0" coveredconditionals="0" methods="0" coveredmethods="0"/>
        <line num="4" count="0" type="stmt"/>
      </file>
    </package>
    <package name="src.components">
      <metrics statements="90" coveredstatements="88" conditionals="48" coveredconditionals="48" methods="37" coveredmethods="35"/>
      <file name="Card.tsx" path="C:\Users\Aka\Desktop\RS-School\my-app\src\components\Card.tsx">
        <metrics statements="7" coveredstatements="7" conditionals="5" coveredconditionals="5" methods="2" coveredmethods="2"/>
        <line num="7" count="17" type="cond" truecount="3" falsecount="0"/>
        <line num="9" count="15" type="stmt"/>
        <line num="11" count="1" type="stmt"/>
        <line num="13" count="1" type="stmt"/>
        <line num="18" count="17" type="stmt"/>
        <line num="19" count="17" type="stmt"/>
        <line num="21" count="17" type="stmt"/>
      </file>
      <file name="CardList.tsx" path="C:\Users\Aka\Desktop\RS-School\my-app\src\components\CardList.tsx">
        <metrics statements="5" coveredstatements="5" conditionals="2" coveredconditionals="2" methods="2" coveredmethods="2"/>
        <line num="8" count="22" type="stmt"/>
        <line num="10" count="22" type="cond" truecount="2" falsecount="0"/>
        <line num="11" count="11" type="stmt"/>
        <line num="21" count="11" type="stmt"/>
        <line num="24" count="12" type="stmt"/>
      </file>
      <file name="ErrorBoundary.tsx" path="C:\Users\Aka\Desktop\RS-School\my-app\src\components\ErrorBoundary.tsx">
        <metrics statements="9" coveredstatements="9" conditionals="4" coveredconditionals="4" methods="5" coveredmethods="5"/>
        <line num="7" count="14" type="stmt"/>
        <line num="8" count="14" type="stmt"/>
        <line num="15" count="4" type="stmt"/>
        <line num="19" count="2" type="stmt"/>
        <line num="22" count="1" type="stmt"/>
        <line num="23" count="1" type="stmt"/>
        <line num="27" count="41" type="cond" truecount="2" falsecount="0"/>
        <line num="28" count="4" type="stmt"/>
        <line num="47" count="37" type="stmt"/>
      </file>
      <file name="ErrorButton.tsx" path="C:\Users\Aka\Desktop\RS-School\my-app\src\components\ErrorButton.tsx">
        <metrics statements="7" coveredstatements="7" conditionals="2" coveredconditionals="2" methods="3" coveredmethods="3"/>
        <line num="7" count="15" type="stmt"/>
        <line num="8" count="15" type="stmt"/>
        <line num="13" count="2" type="stmt"/>
        <line num="14" count="2" type="stmt"/>
        <line num="18" count="40" type="cond" truecount="2" falsecount="0"/>
        <line num="19" count="4" type="stmt"/>
        <line num="22" count="36" type="stmt"/>
      </file>
      <file name="ErrorMessage.tsx" path="C:\Users\Aka\Desktop\RS-School\my-app\src\components\ErrorMessage.tsx">
        <metrics statements="1" coveredstatements="1" conditionals="0" coveredconditionals="0" methods="1" coveredmethods="1"/>
        <line num="10" count="3" type="stmt"/>
      </file>
      <file name="Pagination.tsx" path="C:\Users\Aka\Desktop\RS-School\my-app\src\components\Pagination.tsx">
        <metrics statements="20" coveredstatements="18" conditionals="18" coveredconditionals="18" methods="8" coveredmethods="6"/>
        <line num="7" count="15" type="stmt"/>
        <line num="8" count="15" type="stmt"/>
        <line num="9" count="15" type="stmt"/>
        <line num="11" count="15" type="stmt"/>
        <line num="12" count="15" type="stmt"/>
        <line num="14" count="15" type="cond" truecount="2" falsecount="0"/>
        <line num="15" count="10" type="stmt"/>
        <line num="18" count="15" type="stmt"/>
        <line num="19" count="48" type="stmt"/>
        <line num="22" count="15" type="stmt"/>
        <line num="26" count="27" type="stmt"/>
        <line num="28" count="27" type="cond" truecount="2" falsecount="0"/>
        <line num="30" count="15" type="stmt"/>
        <line num="32" count="15" type="stmt"/>
        <line num="36" count="1" type="stmt"/>
        <line num="46" count="0" type="stmt"/>
        <line num="56" count="48" type="stmt"/>
        <line num="59" count="1" type="stmt"/>
        <line num="73" count="0" type="stmt"/>
        <line num="83" count="2" type="stmt"/>
      </file>
      <file name="Search.tsx" path="C:\Users\Aka\Desktop\RS-School\my-app\src\components\Search.tsx">
        <metrics statements="40" coveredstatements="40" conditionals="17" coveredconditionals="17" methods="15" coveredmethods="15"/>
        <line num="6" count="17" type="stmt"/>
        <line num="9" count="17" type="stmt"/>
        <line num="10" count="17" type="stmt"/>
        <line num="17" count="17" type="stmt"/>
        <line num="21" count="17" type="stmt"/>
        <line num="24" count="17" type="stmt"/>
        <line num="25" count="17" type="cond" truecount="2" falsecount="0"/>
        <line num="29" count="5" type="stmt"/>
        <line num="33" count="36" type="stmt"/>
        <line num="34" count="36" type="stmt"/>
        <line num="37" count="9" type="stmt"/>
        <line num="38" count="9" type="cond" truecount="2" falsecount="0"/>
        <line num="39" count="4" type="stmt"/>
        <line num="43" count="3" type="stmt"/>
        <line num="44" count="3" type="stmt"/>
        <line num="45" count="3" type="stmt"/>
        <line num="46" count="3" type="stmt"/>
        <line num="47" count="3" type="stmt"/>
        <line num="50" count="38" type="stmt"/>
        <line num="51" count="38" type="cond" truecount="2" falsecount="0"/>
        <line num="52" count="1" type="stmt"/>
        <line num="53" count="1" type="stmt"/>
        <line num="54" count="1" type="stmt"/>
        <line num="55" count="1" type="stmt"/>
        <line num="57" count="38" type="cond" truecount="2" falsecount="0"/>
        <line num="58" count="1" type="stmt"/>
        <line num="62" count="1" type="stmt"/>
        <line num="63" count="1" type="stmt"/>
        <line num="64" count="1" type="stmt"/>
        <line num="67" count="2" type="stmt"/>
        <line num="68" count="2" type="stmt"/>
        <line num="69" count="2" type="stmt"/>
        <line num="73" count="90" type="stmt"/>
        <line num="74" count="90" type="stmt"/>
        <line num="76" count="90" type="cond" truecount="2" falsecount="0"/>
        <line num="78" count="4" type="stmt"/>
        <line num="82" count="90" type="stmt"/>
        <line num="103" count="7" type="stmt"/>
        <line num="106" count="1" type="stmt"/>
        <line num="112" count="2" type="stmt"/>
      </file>
      <file name="Spinner.tsx" path="C:\Users\Aka\Desktop\RS-School\my-app\src\components\Spinner.tsx">
        <metrics statements="1" coveredstatements="1" conditionals="0" coveredconditionals="0" methods="1" coveredmethods="1"/>
        <line num="6" count="12" type="stmt"/>
      </file>
    </package>
  </project>
</coverage>
