{"C:\\Users\\Aka\\Desktop\\RS-School\\my-app\\src\\App.tsx": {"path":"C:\\Users\\Aka\\Desktop\\RS-School\\my-app\\src\\App.tsx","statementMap":{"0":{"start":{"line":13,"column":20},"end":{"line":13,"column":null}},"1":{"start":{"line":14,"column":20},"end":{"line":14,"column":null}},"2":{"start":{"line":15,"column":20},"end":{"line":15,"column":null}},"3":{"start":{"line":68,"column":18},"end":{"line":88,"column":null}},"4":{"start":{"line":92,"column":2},"end":{"line":111,"column":null}},"5":{"start":{"line":114,"column":2},"end":{"line":116,"column":null}},"6":{"start":{"line":119,"column":2},"end":{"line":122,"column":null}},"7":{"start":{"line":19,"column":4},"end":{"line":19,"column":null}},"8":{"start":{"line":21,"column":22},"end":{"line":21,"column":null}},"9":{"start":{"line":22,"column":25},"end":{"line":22,"column":43}},"10":{"start":{"line":24,"column":4},"end":{"line":33,"column":null}},"11":{"start":{"line":37,"column":4},"end":{"line":37,"column":null}},"12":{"start":{"line":41,"column":4},"end":{"line":49,"column":null}},"13":{"start":{"line":42,"column":18},"end":{"line":42,"column":51}},"14":{"start":{"line":43,"column":6},"end":{"line":46,"column":null}},"15":{"start":{"line":44,"column":32},"end":{"line":44,"column":47}},"16":{"start":{"line":45,"column":8},"end":{"line":46,"column":null}},"17":{"start":{"line":46,"column":10},"end":{"line":46,"column":null}},"18":{"start":{"line":46,"column":57},"end":{"line":46,"column":82}},"19":{"start":{"line":52,"column":4},"end":{"line":52,"column":null}},"20":{"start":{"line":56,"column":4},"end":{"line":56,"column":null}},"21":{"start":{"line":60,"column":4},"end":{"line":60,"column":null}},"22":{"start":{"line":60,"column":15},"end":{"line":60,"column":null}},"23":{"start":{"line":62,"column":21},"end":{"line":62,"column":77}},"24":{"start":{"line":62,"column":63},"end":{"line":62,"column":77}},"25":{"start":{"line":63,"column":20},"end":{"line":63,"column":61}},"26":{"start":{"line":64,"column":4},"end":{"line":64,"column":null}},"27":{"start":{"line":65,"column":4},"end":{"line":65,"column":null}},"28":{"start":{"line":69,"column":4},"end":{"line":69,"column":null}},"29":{"start":{"line":71,"column":4},"end":{"line":88,"column":null}},"30":{"start":{"line":72,"column":19},"end":{"line":72,"column":52}},"31":{"start":{"line":73,"column":6},"end":{"line":78,"column":null}},"32":{"start":{"line":81,"column":8},"end":{"line":81,"column":null}},"33":{"start":{"line":82,"column":6},"end":{"line":88,"column":null}},"34":{"start":{"line":93,"column":24},"end":{"line":93,"column":35}},"35":{"start":{"line":95,"column":4},"end":{"line":96,"column":null}},"36":{"start":{"line":96,"column":6},"end":{"line":96,"column":null}},"37":{"start":{"line":99,"column":4},"end":{"line":99,"column":null}},"38":{"start":{"line":100,"column":27},"end":{"line":100,"column":57}},"39":{"start":{"line":102,"column":4},"end":{"line":111,"column":null}},"40":{"start":{"line":109,"column":8},"end":{"line":109,"column":null}},"41":{"start":{"line":115,"column":4},"end":{"line":115,"column":null}},"42":{"start":{"line":116,"column":4},"end":{"line":116,"column":null}},"43":{"start":{"line":120,"column":21},"end":{"line":120,"column":77}},"44":{"start":{"line":120,"column":63},"end":{"line":120,"column":77}},"45":{"start":{"line":121,"column":4},"end":{"line":121,"column":null}},"46":{"start":{"line":122,"column":4},"end":{"line":122,"column":null}},"47":{"start":{"line":126,"column":97},"end":{"line":126,"column":null}},"48":{"start":{"line":128,"column":4},"end":{"line":155,"column":null}}},"fnMap":{"0":{"name":"(anonymous_0)","decl":{"start":{"line":18,"column":2},"end":{"line":18,"column":14}},"loc":{"start":{"line":18,"column":29},"end":{"line":33,"column":null}},"line":18},"1":{"name":"(anonymous_1)","decl":{"start":{"line":36,"column":2},"end":{"line":36,"column":28}},"loc":{"start":{"line":36,"column":28},"end":{"line":37,"column":null}},"line":36},"2":{"name":"(anonymous_2)","decl":{"start":{"line":40,"column":2},"end":{"line":40,"column":26}},"loc":{"start":{"line":40,"column":26},"end":{"line":52,"column":null}},"line":40},"3":{"name":"(anonymous_3)","decl":{"start":{"line":46,"column":24},"end":{"line":46,"column":32}},"loc":{"start":{"line":46,"column":57},"end":{"line":46,"column":82}},"line":46},"4":{"name":"(anonymous_4)","decl":{"start":{"line":55,"column":2},"end":{"line":55,"column":14}},"loc":{"start":{"line":55,"column":39},"end":{"line":56,"column":null}},"line":55},"5":{"name":"(anonymous_5)","decl":{"start":{"line":59,"column":2},"end":{"line":59,"column":15}},"loc":{"start":{"line":59,"column":39},"end":{"line":65,"column":null}},"line":59},"6":{"name":"(anonymous_6)","decl":{"start":{"line":62,"column":46},"end":{"line":62,"column":54}},"loc":{"start":{"line":62,"column":63},"end":{"line":62,"column":77}},"line":62},"7":{"name":"(anonymous_7)","decl":{"start":{"line":68,"column":18},"end":{"line":68,"column":25}},"loc":{"start":{"line":68,"column":71},"end":{"line":88,"column":null}},"line":68},"8":{"name":"(anonymous_8)","decl":{"start":{"line":92,"column":2},"end":{"line":92,"column":18}},"loc":{"start":{"line":92,"column":41},"end":{"line":111,"column":null}},"line":92},"9":{"name":"(anonymous_9)","decl":{"start":{"line":107,"column":7},"end":{"line":107,"column":null}},"loc":{"start":{"line":108,"column":12},"end":{"line":111,"column":null}},"line":108},"10":{"name":"(anonymous_10)","decl":{"start":{"line":114,"column":2},"end":{"line":114,"column":22}},"loc":{"start":{"line":114,"column":45},"end":{"line":116,"column":null}},"line":114},"11":{"name":"(anonymous_11)","decl":{"start":{"line":119,"column":2},"end":{"line":119,"column":29}},"loc":{"start":{"line":119,"column":52},"end":{"line":122,"column":null}},"line":119},"12":{"name":"(anonymous_12)","decl":{"start":{"line":120,"column":46},"end":{"line":120,"column":54}},"loc":{"start":{"line":120,"column":63},"end":{"line":120,"column":77}},"line":120},"13":{"name":"(anonymous_13)","decl":{"start":{"line":125,"column":2},"end":{"line":125,"column":11}},"loc":{"start":{"line":125,"column":11},"end":{"line":155,"column":null}},"line":125}},"branchMap":{"0":{"loc":{"start":{"line":21,"column":22},"end":{"line":21,"column":null}},"type":"binary-expr","locations":[{"start":{"line":21,"column":22},"end":{"line":21,"column":55}},{"start":{"line":21,"column":59},"end":{"line":21,"column":null}}],"line":21},"1":{"loc":{"start":{"line":43,"column":6},"end":{"line":46,"column":null}},"type":"if","locations":[{"start":{"line":43,"column":6},"end":{"line":46,"column":null}},{"start":{},"end":{}}],"line":43},"2":{"loc":{"start":{"line":45,"column":8},"end":{"line":46,"column":null}},"type":"if","locations":[{"start":{"line":45,"column":8},"end":{"line":46,"column":null}},{"start":{},"end":{}}],"line":45},"3":{"loc":{"start":{"line":60,"column":4},"end":{"line":60,"column":null}},"type":"if","locations":[{"start":{"line":60,"column":4},"end":{"line":60,"column":null}},{"start":{},"end":{}}],"line":60},"4":{"loc":{"start":{"line":81,"column":8},"end":{"line":81,"column":null}},"type":"cond-expr","locations":[{"start":{"line":81,"column":31},"end":{"line":81,"column":45}},{"start":{"line":81,"column":45},"end":{"line":81,"column":null}}],"line":81},"5":{"loc":{"start":{"line":95,"column":4},"end":{"line":96,"column":null}},"type":"if","locations":[{"start":{"line":95,"column":4},"end":{"line":96,"column":null}},{"start":{},"end":{}}],"line":95},"6":{"loc":{"start":{"line":139,"column":13},"end":{"line":139,"column":null}},"type":"binary-expr","locations":[{"start":{"line":139,"column":13},"end":{"line":139,"column":26}},{"start":{"line":139,"column":26},"end":{"line":139,"column":null}}],"line":139},"7":{"loc":{"start":{"line":140,"column":13},"end":{"line":140,"column":null}},"type":"binary-expr","locations":[{"start":{"line":140,"column":13},"end":{"line":140,"column":27}},{"start":{"line":140,"column":27},"end":{"line":140,"column":36}},{"start":{"line":140,"column":36},"end":{"line":140,"column":null}}],"line":140},"8":{"loc":{"start":{"line":141,"column":13},"end":{"line":150,"column":null}},"type":"binary-expr","locations":[{"start":{"line":141,"column":13},"end":{"line":141,"column":27}},{"start":{"line":141,"column":27},"end":{"line":141,"column":null}},{"start":{"line":142,"column":14},"end":{"line":150,"column":null}}],"line":141}},"s":{"0":1,"1":1,"2":1,"3":11,"4":2,"5":1,"6":1,"7":9,"8":9,"9":9,"10":9,"11":9,"12":9,"13":9,"14":9,"15":2,"16":2,"17":1,"18":2,"19":8,"20":2,"21":1,"22":0,"23":1,"24":0,"25":1,"26":1,"27":1,"28":11,"29":11,"30":11,"31":10,"32":1,"33":1,"34":2,"35":2,"36":1,"37":1,"38":1,"39":1,"40":1,"41":1,"42":1,"43":1,"44":2,"45":1,"46":1,"47":32,"48":32},"f":{"0":9,"1":9,"2":9,"3":2,"4":2,"5":1,"6":0,"7":11,"8":2,"9":1,"10":1,"11":1,"12":2,"13":32},"b":{"0":[9,8],"1":[2,7],"2":[1,1],"3":[0,1],"4":[1,0],"5":[1,1],"6":[32,11],"7":[32,21,1],"8":[32,21,20]},"meta":{"lastBranch":9,"lastFunction":14,"lastStatement":49,"seen":{"s:13:20:13:Infinity":0,"s:14:20:14:Infinity":1,"s:15:20:15:Infinity":2,"s:68:18:88:Infinity":3,"s:92:2:111:Infinity":4,"s:114:2:116:Infinity":5,"s:119:2:122:Infinity":6,"f:18:2:18:14":0,"s:19:4:19:Infinity":7,"s:21:22:21:Infinity":8,"b:21:22:21:55:21:59:21:Infinity":0,"s:22:25:22:43":9,"s:24:4:33:Infinity":10,"f:36:2:36:28":1,"s:37:4:37:Infinity":11,"f:40:2:40:26":2,"s:41:4:49:Infinity":12,"s:42:18:42:51":13,"b:43:6:46:Infinity:undefined:undefined:undefined:undefined":1,"s:43:6:46:Infinity":14,"s:44:32:44:47":15,"b:45:8:46:Infinity:undefined:undefined:undefined:undefined":2,"s:45:8:46:Infinity":16,"s:46:10:46:Infinity":17,"f:46:24:46:32":3,"s:46:57:46:82":18,"s:52:4:52:Infinity":19,"f:55:2:55:14":4,"s:56:4:56:Infinity":20,"f:59:2:59:15":5,"b:60:4:60:Infinity:undefined:undefined:undefined:undefined":3,"s:60:4:60:Infinity":21,"s:60:15:60:Infinity":22,"s:62:21:62:77":23,"f:62:46:62:54":6,"s:62:63:62:77":24,"s:63:20:63:61":25,"s:64:4:64:Infinity":26,"s:65:4:65:Infinity":27,"f:68:18:68:25":7,"s:69:4:69:Infinity":28,"s:71:4:88:Infinity":29,"s:72:19:72:52":30,"s:73:6:78:Infinity":31,"s:81:8:81:Infinity":32,"b:81:31:81:45:81:45:81:Infinity":4,"s:82:6:88:Infinity":33,"f:92:2:92:18":8,"s:93:24:93:35":34,"b:95:4:96:Infinity:undefined:undefined:undefined:undefined":5,"s:95:4:96:Infinity":35,"s:96:6:96:Infinity":36,"s:99:4:99:Infinity":37,"s:100:27:100:57":38,"s:102:4:111:Infinity":39,"f:107:7:107:Infinity":9,"s:109:8:109:Infinity":40,"f:114:2:114:22":10,"s:115:4:115:Infinity":41,"s:116:4:116:Infinity":42,"f:119:2:119:29":11,"s:120:21:120:77":43,"f:120:46:120:54":12,"s:120:63:120:77":44,"s:121:4:121:Infinity":45,"s:122:4:122:Infinity":46,"f:125:2:125:11":13,"s:126:97:126:Infinity":47,"s:128:4:155:Infinity":48,"b:139:13:139:26:139:26:139:Infinity":6,"b:140:13:140:27:140:27:140:36:140:36:140:Infinity":7,"b:141:13:141:27:141:27:141:Infinity:142:14:150:Infinity":8}}}
,"C:\\Users\\Aka\\Desktop\\RS-School\\my-app\\src\\api.ts": {"path":"C:\\Users\\Aka\\Desktop\\RS-School\\my-app\\src\\api.ts","statementMap":{"0":{"start":{"line":3,"column":17},"end":{"line":3,"column":null}},"1":{"start":{"line":9,"column":17},"end":{"line":9,"column":38}},"2":{"start":{"line":10,"column":2},"end":{"line":10,"column":null}},"3":{"start":{"line":12,"column":2},"end":{"line":13,"column":null}},"4":{"start":{"line":13,"column":4},"end":{"line":13,"column":null}},"5":{"start":{"line":16,"column":14},"end":{"line":16,"column":null}},"6":{"start":{"line":17,"column":19},"end":{"line":17,"column":35}},"7":{"start":{"line":19,"column":2},"end":{"line":28,"column":null}},"8":{"start":{"line":20,"column":4},"end":{"line":24,"column":null}},"9":{"start":{"line":21,"column":6},"end":{"line":24,"column":null}},"10":{"start":{"line":26,"column":4},"end":{"line":28,"column":null}},"11":{"start":{"line":31,"column":28},"end":{"line":31,"column":49}},"12":{"start":{"line":32,"column":2},"end":{"line":32,"column":null}}},"fnMap":{"0":{"name":"fetchCharacters","decl":{"start":{"line":5,"column":22},"end":{"line":5,"column":null}},"loc":{"start":{"line":8,"column":24},"end":{"line":32,"column":null}},"line":8}},"branchMap":{"0":{"loc":{"start":{"line":6,"column":2},"end":{"line":6,"column":null}},"type":"default-arg","locations":[{"start":{"line":6,"column":23},"end":{"line":6,"column":null}}],"line":6},"1":{"loc":{"start":{"line":7,"column":2},"end":{"line":7,"column":null}},"type":"default-arg","locations":[{"start":{"line":7,"column":17},"end":{"line":7,"column":null}}],"line":7},"2":{"loc":{"start":{"line":12,"column":2},"end":{"line":13,"column":null}},"type":"if","locations":[{"start":{"line":12,"column":2},"end":{"line":13,"column":null}},{"start":{},"end":{}}],"line":12},"3":{"loc":{"start":{"line":19,"column":2},"end":{"line":28,"column":null}},"type":"if","locations":[{"start":{"line":19,"column":2},"end":{"line":28,"column":null}},{"start":{},"end":{}}],"line":19},"4":{"loc":{"start":{"line":20,"column":4},"end":{"line":24,"column":null}},"type":"if","locations":[{"start":{"line":20,"column":4},"end":{"line":24,"column":null}},{"start":{},"end":{}}],"line":20}},"s":{"0":0,"1":0,"2":0,"3":0,"4":0,"5":0,"6":0,"7":0,"8":0,"9":0,"10":0,"11":0,"12":0},"f":{"0":0},"b":{"0":[0],"1":[0],"2":[0,0],"3":[0,0],"4":[0,0]},"meta":{"lastBranch":5,"lastFunction":1,"lastStatement":13,"seen":{"s:3:17:3:Infinity":0,"f:5:22:5:Infinity":0,"b:6:23:6:Infinity":0,"b:7:17:7:Infinity":1,"s:9:17:9:38":1,"s:10:2:10:Infinity":2,"b:12:2:13:Infinity:undefined:undefined:undefined:undefined":2,"s:12:2:13:Infinity":3,"s:13:4:13:Infinity":4,"s:16:14:16:Infinity":5,"s:17:19:17:35":6,"b:19:2:28:Infinity:undefined:undefined:undefined:undefined":3,"s:19:2:28:Infinity":7,"b:20:4:24:Infinity:undefined:undefined:undefined:undefined":4,"s:20:4:24:Infinity":8,"s:21:6:24:Infinity":9,"s:26:4:28:Infinity":10,"s:31:28:31:49":11,"s:32:2:32:Infinity":12}}}
,"C:\\Users\\Aka\\Desktop\\RS-School\\my-app\\src\\types.ts": {"path":"C:\\Users\\Aka\\Desktop\\RS-School\\my-app\\src\\types.ts","statementMap":{},"fnMap":{},"branchMap":{},"s":{},"f":{},"b":{},"meta":{"lastBranch":0,"lastFunction":0,"lastStatement":0,"seen":{}}}
,"C:\\Users\\Aka\\Desktop\\RS-School\\my-app\\src\\__mocks__\\api.ts": {"path":"C:\\Users\\Aka\\Desktop\\RS-School\\my-app\\src\\__mocks__\\api.ts","statementMap":{"0":{"start":{"line":4,"column":31},"end":{"line":4,"column":80}}},"fnMap":{},"branchMap":{},"s":{"0":0},"f":{},"b":{},"meta":{"lastBranch":0,"lastFunction":0,"lastStatement":1,"seen":{"s:4:31:4:80":0}}}
,"C:\\Users\\Aka\\Desktop\\RS-School\\my-app\\src\\components\\Card.tsx": {"path":"C:\\Users\\Aka\\Desktop\\RS-School\\my-app\\src\\components\\Card.tsx","statementMap":{"0":{"start":{"line":7,"column":4},"end":{"line":13,"column":null}},"1":{"start":{"line":9,"column":8},"end":{"line":9,"column":null}},"2":{"start":{"line":11,"column":8},"end":{"line":11,"column":null}},"3":{"start":{"line":13,"column":8},"end":{"line":13,"column":null}},"4":{"start":{"line":18,"column":26},"end":{"line":18,"column":null}},"5":{"start":{"line":19,"column":24},"end":{"line":19,"column":61}},"6":{"start":{"line":21,"column":4},"end":{"line":52,"column":null}}},"fnMap":{"0":{"name":"(anonymous_0)","decl":{"start":{"line":6,"column":2},"end":{"line":6,"column":10}},"loc":{"start":{"line":6,"column":49},"end":{"line":13,"column":null}},"line":6},"1":{"name":"(anonymous_1)","decl":{"start":{"line":17,"column":2},"end":{"line":17,"column":11}},"loc":{"start":{"line":17,"column":11},"end":{"line":52,"column":null}},"line":17}},"branchMap":{"0":{"loc":{"start":{"line":7,"column":4},"end":{"line":13,"column":null}},"type":"switch","locations":[{"start":{"line":8,"column":6},"end":{"line":9,"column":null}},{"start":{"line":10,"column":6},"end":{"line":11,"column":null}},{"start":{"line":12,"column":6},"end":{"line":13,"column":null}}],"line":7},"1":{"loc":{"start":{"line":41,"column":13},"end":{"line":41,"column":null}},"type":"cond-expr","locations":[{"start":{"line":41,"column":30},"end":{"line":41,"column":55}},{"start":{"line":41,"column":55},"end":{"line":41,"column":null}}],"line":41}},"s":{"0":17,"1":15,"2":1,"3":1,"4":17,"5":17,"6":17},"f":{"0":17,"1":17},"b":{"0":[15,1,1],"1":[1,16]},"meta":{"lastBranch":2,"lastFunction":2,"lastStatement":7,"seen":{"f:6:2:6:10":0,"b:8:6:9:Infinity:10:6:11:Infinity:12:6:13:Infinity":0,"s:7:4:13:Infinity":0,"s:9:8:9:Infinity":1,"s:11:8:11:Infinity":2,"s:13:8:13:Infinity":3,"f:17:2:17:11":1,"s:18:26:18:Infinity":4,"s:19:24:19:61":5,"s:21:4:52:Infinity":6,"b:41:30:41:55:41:55:41:Infinity":1}}}
,"C:\\Users\\Aka\\Desktop\\RS-School\\my-app\\src\\components\\CardList.tsx": {"path":"C:\\Users\\Aka\\Desktop\\RS-School\\my-app\\src\\components\\CardList.tsx","statementMap":{"0":{"start":{"line":8,"column":27},"end":{"line":8,"column":null}},"1":{"start":{"line":10,"column":4},"end":{"line":16,"column":null}},"2":{"start":{"line":11,"column":6},"end":{"line":16,"column":null}},"3":{"start":{"line":21,"column":4},"end":{"line":26,"column":null}},"4":{"start":{"line":24,"column":10},"end":{"line":24,"column":null}}},"fnMap":{"0":{"name":"(anonymous_0)","decl":{"start":{"line":7,"column":2},"end":{"line":7,"column":11}},"loc":{"start":{"line":7,"column":11},"end":{"line":26,"column":null}},"line":7},"1":{"name":"(anonymous_1)","decl":{"start":{"line":23,"column":20},"end":{"line":23,"column":25}},"loc":{"start":{"line":24,"column":10},"end":{"line":24,"column":null}},"line":24}},"branchMap":{"0":{"loc":{"start":{"line":10,"column":4},"end":{"line":16,"column":null}},"type":"if","locations":[{"start":{"line":10,"column":4},"end":{"line":16,"column":null}},{"start":{},"end":{}}],"line":10}},"s":{"0":22,"1":22,"2":11,"3":11,"4":12},"f":{"0":22,"1":12},"b":{"0":[11,11]},"meta":{"lastBranch":1,"lastFunction":2,"lastStatement":5,"seen":{"f:7:2:7:11":0,"s:8:27:8:Infinity":0,"b:10:4:16:Infinity:undefined:undefined:undefined:undefined":0,"s:10:4:16:Infinity":1,"s:11:6:16:Infinity":2,"s:21:4:26:Infinity":3,"f:23:20:23:25":1,"s:24:10:24:Infinity":4}}}
,"C:\\Users\\Aka\\Desktop\\RS-School\\my-app\\src\\components\\ErrorBoundary.tsx": {"path":"C:\\Users\\Aka\\Desktop\\RS-School\\my-app\\src\\components\\ErrorBoundary.tsx","statementMap":{"0":{"start":{"line":22,"column":2},"end":{"line":23,"column":null}},"1":{"start":{"line":7,"column":4},"end":{"line":7,"column":null}},"2":{"start":{"line":8,"column":4},"end":{"line":11,"column":null}},"3":{"start":{"line":15,"column":4},"end":{"line":15,"column":null}},"4":{"start":{"line":19,"column":4},"end":{"line":19,"column":null}},"5":{"start":{"line":23,"column":4},"end":{"line":23,"column":null}},"6":{"start":{"line":27,"column":4},"end":{"line":43,"column":null}},"7":{"start":{"line":28,"column":6},"end":{"line":43,"column":null}},"8":{"start":{"line":47,"column":4},"end":{"line":47,"column":null}}},"fnMap":{"0":{"name":"(anonymous_0)","decl":{"start":{"line":6,"column":2},"end":{"line":6,"column":14}},"loc":{"start":{"line":6,"column":41},"end":{"line":11,"column":null}},"line":6},"1":{"name":"(anonymous_1)","decl":{"start":{"line":14,"column":9},"end":{"line":14,"column":34}},"loc":{"start":{"line":14,"column":68},"end":{"line":15,"column":null}},"line":14},"2":{"name":"(anonymous_2)","decl":{"start":{"line":18,"column":2},"end":{"line":18,"column":20}},"loc":{"start":{"line":18,"column":68},"end":{"line":19,"column":null}},"line":18},"3":{"name":"(anonymous_3)","decl":{"start":{"line":22,"column":2},"end":{"line":22,"column":28}},"loc":{"start":{"line":22,"column":28},"end":{"line":23,"column":null}},"line":22},"4":{"name":"(anonymous_4)","decl":{"start":{"line":26,"column":2},"end":{"line":26,"column":11}},"loc":{"start":{"line":26,"column":11},"end":{"line":47,"column":null}},"line":26}},"branchMap":{"0":{"loc":{"start":{"line":27,"column":4},"end":{"line":43,"column":null}},"type":"if","locations":[{"start":{"line":27,"column":4},"end":{"line":43,"column":null}},{"start":{},"end":{}}],"line":27},"1":{"loc":{"start":{"line":33,"column":15},"end":{"line":33,"column":null}},"type":"binary-expr","locations":[{"start":{"line":33,"column":15},"end":{"line":33,"column":44}},{"start":{"line":33,"column":44},"end":{"line":33,"column":null}}],"line":33}},"s":{"0":1,"1":14,"2":14,"3":4,"4":2,"5":1,"6":41,"7":4,"8":37},"f":{"0":14,"1":2,"2":2,"3":1,"4":41},"b":{"0":[4,37],"1":[4,2]},"meta":{"lastBranch":2,"lastFunction":5,"lastStatement":9,"seen":{"s:22:2:23:Infinity":0,"f:6:2:6:14":0,"s:7:4:7:Infinity":1,"s:8:4:11:Infinity":2,"f:14:9:14:34":1,"s:15:4:15:Infinity":3,"f:18:2:18:20":2,"s:19:4:19:Infinity":4,"f:22:2:22:28":3,"s:23:4:23:Infinity":5,"f:26:2:26:11":4,"b:27:4:43:Infinity:undefined:undefined:undefined:undefined":0,"s:27:4:43:Infinity":6,"s:28:6:43:Infinity":7,"b:33:15:33:44:33:44:33:Infinity":1,"s:47:4:47:Infinity":8}}}
,"C:\\Users\\Aka\\Desktop\\RS-School\\my-app\\src\\components\\ErrorButton.tsx": {"path":"C:\\Users\\Aka\\Desktop\\RS-School\\my-app\\src\\components\\ErrorButton.tsx","statementMap":{"0":{"start":{"line":13,"column":2},"end":{"line":14,"column":null}},"1":{"start":{"line":7,"column":4},"end":{"line":7,"column":null}},"2":{"start":{"line":8,"column":4},"end":{"line":10,"column":null}},"3":{"start":{"line":14,"column":4},"end":{"line":14,"column":null}},"4":{"start":{"line":18,"column":4},"end":{"line":19,"column":null}},"5":{"start":{"line":19,"column":6},"end":{"line":19,"column":null}},"6":{"start":{"line":22,"column":4},"end":{"line":30,"column":null}}},"fnMap":{"0":{"name":"(anonymous_0)","decl":{"start":{"line":6,"column":2},"end":{"line":6,"column":14}},"loc":{"start":{"line":6,"column":29},"end":{"line":10,"column":null}},"line":6},"1":{"name":"(anonymous_1)","decl":{"start":{"line":13,"column":2},"end":{"line":13,"column":28}},"loc":{"start":{"line":13,"column":28},"end":{"line":14,"column":null}},"line":13},"2":{"name":"(anonymous_2)","decl":{"start":{"line":17,"column":2},"end":{"line":17,"column":11}},"loc":{"start":{"line":17,"column":11},"end":{"line":30,"column":null}},"line":17}},"branchMap":{"0":{"loc":{"start":{"line":18,"column":4},"end":{"line":19,"column":null}},"type":"if","locations":[{"start":{"line":18,"column":4},"end":{"line":19,"column":null}},{"start":{},"end":{}}],"line":18}},"s":{"0":2,"1":15,"2":15,"3":2,"4":40,"5":4,"6":36},"f":{"0":15,"1":2,"2":40},"b":{"0":[4,36]},"meta":{"lastBranch":1,"lastFunction":3,"lastStatement":7,"seen":{"s:13:2:14:Infinity":0,"f:6:2:6:14":0,"s:7:4:7:Infinity":1,"s:8:4:10:Infinity":2,"f:13:2:13:28":1,"s:14:4:14:Infinity":3,"f:17:2:17:11":2,"b:18:4:19:Infinity:undefined:undefined:undefined:undefined":0,"s:18:4:19:Infinity":4,"s:19:6:19:Infinity":5,"s:22:4:30:Infinity":6}}}
,"C:\\Users\\Aka\\Desktop\\RS-School\\my-app\\src\\components\\ErrorMessage.tsx": {"path":"C:\\Users\\Aka\\Desktop\\RS-School\\my-app\\src\\components\\ErrorMessage.tsx","statementMap":{"0":{"start":{"line":10,"column":4},"end":{"line":16,"column":null}}},"fnMap":{"0":{"name":"(anonymous_0)","decl":{"start":{"line":9,"column":2},"end":{"line":9,"column":11}},"loc":{"start":{"line":9,"column":11},"end":{"line":16,"column":null}},"line":9}},"branchMap":{},"s":{"0":3},"f":{"0":3},"b":{},"meta":{"lastBranch":0,"lastFunction":1,"lastStatement":1,"seen":{"f:9:2:9:11":0,"s:10:4:16:Infinity":0}}}
,"C:\\Users\\Aka\\Desktop\\RS-School\\my-app\\src\\components\\Pagination.tsx": {"path":"C:\\Users\\Aka\\Desktop\\RS-School\\my-app\\src\\components\\Pagination.tsx","statementMap":{"0":{"start":{"line":7,"column":40},"end":{"line":7,"column":null}},"1":{"start":{"line":8,"column":28},"end":{"line":8,"column":30}},"2":{"start":{"line":9,"column":23},"end":{"line":9,"column":null}},"3":{"start":{"line":11,"column":16},"end":{"line":11,"column":69}},"4":{"start":{"line":12,"column":16},"end":{"line":12,"column":60}},"5":{"start":{"line":14,"column":4},"end":{"line":15,"column":null}},"6":{"start":{"line":15,"column":6},"end":{"line":15,"column":null}},"7":{"start":{"line":18,"column":4},"end":{"line":19,"column":null}},"8":{"start":{"line":18,"column":17},"end":{"line":18,"column":24}},"9":{"start":{"line":19,"column":6},"end":{"line":19,"column":null}},"10":{"start":{"line":22,"column":4},"end":{"line":22,"column":null}},"11":{"start":{"line":26,"column":65},"end":{"line":26,"column":null}},"12":{"start":{"line":28,"column":4},"end":{"line":28,"column":null}},"13":{"start":{"line":28,"column":25},"end":{"line":28,"column":null}},"14":{"start":{"line":30,"column":18},"end":{"line":30,"column":39}},"15":{"start":{"line":32,"column":4},"end":{"line":87,"column":null}},"16":{"start":{"line":36,"column":25},"end":{"line":36,"column":54}},"17":{"start":{"line":46,"column":29},"end":{"line":46,"column":44}},"18":{"start":{"line":56,"column":10},"end":{"line":63,"column":null}},"19":{"start":{"line":59,"column":27},"end":{"line":59,"column":45}},"20":{"start":{"line":73,"column":29},"end":{"line":73,"column":53}},"21":{"start":{"line":83,"column":25},"end":{"line":83,"column":54}}},"fnMap":{"0":{"name":"(anonymous_0)","decl":{"start":{"line":6,"column":2},"end":{"line":6,"column":10}},"loc":{"start":{"line":6,"column":37},"end":{"line":22,"column":null}},"line":6},"1":{"name":"(anonymous_1)","decl":{"start":{"line":25,"column":2},"end":{"line":25,"column":11}},"loc":{"start":{"line":25,"column":11},"end":{"line":87,"column":null}},"line":25},"2":{"name":"(anonymous_2)","decl":{"start":{"line":36,"column":10},"end":{"line":36,"column":25}},"loc":{"start":{"line":36,"column":25},"end":{"line":36,"column":54}},"line":36},"3":{"name":"(anonymous_3)","decl":{"start":{"line":46,"column":14},"end":{"line":46,"column":29}},"loc":{"start":{"line":46,"column":29},"end":{"line":46,"column":44}},"line":46},"4":{"name":"(anonymous_4)","decl":{"start":{"line":55,"column":15},"end":{"line":55,"column":20}},"loc":{"start":{"line":56,"column":10},"end":{"line":63,"column":null}},"line":56},"5":{"name":"(anonymous_5)","decl":{"start":{"line":59,"column":12},"end":{"line":59,"column":27}},"loc":{"start":{"line":59,"column":27},"end":{"line":59,"column":45}},"line":59},"6":{"name":"(anonymous_6)","decl":{"start":{"line":73,"column":14},"end":{"line":73,"column":29}},"loc":{"start":{"line":73,"column":29},"end":{"line":73,"column":53}},"line":73},"7":{"name":"(anonymous_7)","decl":{"start":{"line":83,"column":10},"end":{"line":83,"column":25}},"loc":{"start":{"line":83,"column":25},"end":{"line":83,"column":54}},"line":83}},"branchMap":{"0":{"loc":{"start":{"line":14,"column":4},"end":{"line":15,"column":null}},"type":"if","locations":[{"start":{"line":14,"column":4},"end":{"line":15,"column":null}},{"start":{},"end":{}}],"line":14},"1":{"loc":{"start":{"line":28,"column":4},"end":{"line":28,"column":null}},"type":"if","locations":[{"start":{"line":28,"column":4},"end":{"line":28,"column":null}},{"start":{},"end":{}}],"line":28},"2":{"loc":{"start":{"line":37,"column":20},"end":{"line":37,"column":null}},"type":"binary-expr","locations":[{"start":{"line":37,"column":20},"end":{"line":37,"column":41}},{"start":{"line":37,"column":41},"end":{"line":37,"column":null}}],"line":37},"3":{"loc":{"start":{"line":42,"column":9},"end":{"line":52,"column":null}},"type":"binary-expr","locations":[{"start":{"line":42,"column":9},"end":{"line":42,"column":null}},{"start":{"line":43,"column":10},"end":{"line":52,"column":null}}],"line":42},"4":{"loc":{"start":{"line":51,"column":13},"end":{"line":52,"column":null}},"type":"binary-expr","locations":[{"start":{"line":51,"column":13},"end":{"line":51,"column":29}},{"start":{"line":51,"column":29},"end":{"line":52,"column":null}}],"line":51},"5":{"loc":{"start":{"line":58,"column":41},"end":{"line":58,"column":null}},"type":"cond-expr","locations":[{"start":{"line":58,"column":64},"end":{"line":58,"column":90}},{"start":{"line":58,"column":90},"end":{"line":58,"column":null}}],"line":58},"6":{"loc":{"start":{"line":66,"column":9},"end":{"line":78,"column":null}},"type":"binary-expr","locations":[{"start":{"line":66,"column":9},"end":{"line":66,"column":null}},{"start":{"line":67,"column":10},"end":{"line":78,"column":null}}],"line":66},"7":{"loc":{"start":{"line":68,"column":13},"end":{"line":71,"column":13}},"type":"binary-expr","locations":[{"start":{"line":68,"column":13},"end":{"line":68,"column":null}},{"start":{"line":69,"column":14},"end":{"line":71,"column":13}}],"line":68},"8":{"loc":{"start":{"line":84,"column":20},"end":{"line":84,"column":null}},"type":"binary-expr","locations":[{"start":{"line":84,"column":20},"end":{"line":84,"column":50}},{"start":{"line":84,"column":50},"end":{"line":84,"column":null}}],"line":84}},"s":{"0":15,"1":15,"2":15,"3":15,"4":15,"5":15,"6":10,"7":15,"8":15,"9":48,"10":15,"11":27,"12":27,"13":12,"14":15,"15":15,"16":1,"17":0,"18":48,"19":1,"20":0,"21":2},"f":{"0":15,"1":27,"2":1,"3":0,"4":48,"5":1,"6":0,"7":2},"b":{"0":[10,5],"1":[12,15],"2":[15,5],"3":[27,1],"4":[1,1],"5":[15,33],"6":[27,1],"7":[1,1],"8":[27,13]},"meta":{"lastBranch":9,"lastFunction":8,"lastStatement":22,"seen":{"f:6:2:6:10":0,"s:7:40:7:Infinity":0,"s:8:28:8:30":1,"s:9:23:9:Infinity":2,"s:11:16:11:69":3,"s:12:16:12:60":4,"b:14:4:15:Infinity:undefined:undefined:undefined:undefined":0,"s:14:4:15:Infinity":5,"s:15:6:15:Infinity":6,"s:18:4:19:Infinity":7,"s:18:17:18:24":8,"s:19:6:19:Infinity":9,"s:22:4:22:Infinity":10,"f:25:2:25:11":1,"s:26:65:26:Infinity":11,"b:28:4:28:Infinity:undefined:undefined:undefined:undefined":1,"s:28:4:28:Infinity":12,"s:28:25:28:Infinity":13,"s:30:18:30:39":14,"s:32:4:87:Infinity":15,"f:36:10:36:25":2,"s:36:25:36:54":16,"b:37:20:37:41:37:41:37:Infinity":2,"b:42:9:42:Infinity:43:10:52:Infinity":3,"f:46:14:46:29":3,"s:46:29:46:44":17,"b:51:13:51:29:51:29:52:Infinity":4,"f:55:15:55:20":4,"s:56:10:63:Infinity":18,"b:58:64:58:90:58:90:58:Infinity":5,"f:59:12:59:27":5,"s:59:27:59:45":19,"b:66:9:66:Infinity:67:10:78:Infinity":6,"b:68:13:68:Infinity:69:14:71:13":7,"f:73:14:73:29":6,"s:73:29:73:53":20,"f:83:10:83:25":7,"s:83:25:83:54":21,"b:84:20:84:50:84:50:84:Infinity":8}}}
,"C:\\Users\\Aka\\Desktop\\RS-School\\my-app\\src\\components\\Search.tsx": {"path":"C:\\Users\\Aka\\Desktop\\RS-School\\my-app\\src\\components\\Search.tsx","statementMap":{"0":{"start":{"line":6,"column":10},"end":{"line":6,"column":50}},"1":{"start":{"line":24,"column":2},"end":{"line":29,"column":null}},"2":{"start":{"line":33,"column":2},"end":{"line":34,"column":null}},"3":{"start":{"line":37,"column":2},"end":{"line":39,"column":null}},"4":{"start":{"line":43,"column":2},"end":{"line":47,"column":null}},"5":{"start":{"line":50,"column":2},"end":{"line":58,"column":null}},"6":{"start":{"line":62,"column":2},"end":{"line":64,"column":null}},"7":{"start":{"line":67,"column":2},"end":{"line":69,"column":null}},"8":{"start":{"line":9,"column":4},"end":{"line":9,"column":null}},"9":{"start":{"line":10,"column":4},"end":{"line":13,"column":null}},"10":{"start":{"line":17,"column":4},"end":{"line":17,"column":null}},"11":{"start":{"line":21,"column":4},"end":{"line":21,"column":null}},"12":{"start":{"line":25,"column":4},"end":{"line":29,"column":null}},"13":{"start":{"line":29,"column":6},"end":{"line":29,"column":null}},"14":{"start":{"line":34,"column":4},"end":{"line":34,"column":null}},"15":{"start":{"line":38,"column":4},"end":{"line":39,"column":null}},"16":{"start":{"line":39,"column":6},"end":{"line":39,"column":null}},"17":{"start":{"line":44,"column":4},"end":{"line":44,"column":null}},"18":{"start":{"line":45,"column":25},"end":{"line":45,"column":53}},"19":{"start":{"line":46,"column":4},"end":{"line":46,"column":null}},"20":{"start":{"line":47,"column":4},"end":{"line":47,"column":null}},"21":{"start":{"line":51,"column":4},"end":{"line":55,"column":null}},"22":{"start":{"line":52,"column":6},"end":{"line":52,"column":null}},"23":{"start":{"line":53,"column":27},"end":{"line":53,"column":55}},"24":{"start":{"line":54,"column":6},"end":{"line":54,"column":null}},"25":{"start":{"line":55,"column":6},"end":{"line":55,"column":null}},"26":{"start":{"line":57,"column":4},"end":{"line":58,"column":null}},"27":{"start":{"line":58,"column":6},"end":{"line":58,"column":null}},"28":{"start":{"line":63,"column":4},"end":{"line":63,"column":null}},"29":{"start":{"line":64,"column":4},"end":{"line":64,"column":null}},"30":{"start":{"line":68,"column":4},"end":{"line":68,"column":null}},"31":{"start":{"line":69,"column":4},"end":{"line":69,"column":null}},"32":{"start":{"line":73,"column":41},"end":{"line":73,"column":null}},"33":{"start":{"line":74,"column":40},"end":{"line":74,"column":null}},"34":{"start":{"line":76,"column":28},"end":{"line":80,"column":null}},"35":{"start":{"line":78,"column":10},"end":{"line":78,"column":70}},"36":{"start":{"line":82,"column":4},"end":{"line":133,"column":null}},"37":{"start":{"line":103,"column":18},"end":{"line":117,"column":null}},"38":{"start":{"line":106,"column":35},"end":{"line":106,"column":68}},"39":{"start":{"line":112,"column":38},"end":{"line":112,"column":68}}},"fnMap":{"0":{"name":"(anonymous_0)","decl":{"start":{"line":8,"column":2},"end":{"line":8,"column":14}},"loc":{"start":{"line":8,"column":34},"end":{"line":13,"column":null}},"line":8},"1":{"name":"(anonymous_1)","decl":{"start":{"line":16,"column":2},"end":{"line":16,"column":28}},"loc":{"start":{"line":16,"column":28},"end":{"line":17,"column":null}},"line":16},"2":{"name":"(anonymous_2)","decl":{"start":{"line":20,"column":2},"end":{"line":20,"column":31}},"loc":{"start":{"line":20,"column":31},"end":{"line":21,"column":null}},"line":20},"3":{"name":"(anonymous_3)","decl":{"start":{"line":24,"column":2},"end":{"line":24,"column":24}},"loc":{"start":{"line":24,"column":48},"end":{"line":29,"column":null}},"line":24},"4":{"name":"(anonymous_4)","decl":{"start":{"line":33,"column":2},"end":{"line":33,"column":23}},"loc":{"start":{"line":33,"column":72},"end":{"line":34,"column":null}},"line":33},"5":{"name":"(anonymous_5)","decl":{"start":{"line":37,"column":2},"end":{"line":37,"column":28}},"loc":{"start":{"line":37,"column":28},"end":{"line":39,"column":null}},"line":37},"6":{"name":"(anonymous_6)","decl":{"start":{"line":43,"column":2},"end":{"line":43,"column":18}},"loc":{"start":{"line":43,"column":64},"end":{"line":47,"column":null}},"line":43},"7":{"name":"(anonymous_7)","decl":{"start":{"line":50,"column":2},"end":{"line":50,"column":19}},"loc":{"start":{"line":50,"column":70},"end":{"line":58,"column":null}},"line":50},"8":{"name":"(anonymous_8)","decl":{"start":{"line":62,"column":2},"end":{"line":62,"column":28}},"loc":{"start":{"line":62,"column":51},"end":{"line":64,"column":null}},"line":62},"9":{"name":"(anonymous_9)","decl":{"start":{"line":67,"column":2},"end":{"line":67,"column":22}},"loc":{"start":{"line":67,"column":66},"end":{"line":69,"column":null}},"line":67},"10":{"name":"(anonymous_10)","decl":{"start":{"line":72,"column":2},"end":{"line":72,"column":11}},"loc":{"start":{"line":72,"column":11},"end":{"line":133,"column":null}},"line":72},"11":{"name":"(anonymous_11)","decl":{"start":{"line":77,"column":22},"end":{"line":77,"column":30}},"loc":{"start":{"line":78,"column":10},"end":{"line":78,"column":70}},"line":78},"12":{"name":"(anonymous_12)","decl":{"start":{"line":102,"column":33},"end":{"line":102,"column":38}},"loc":{"start":{"line":103,"column":18},"end":{"line":117,"column":null}},"line":103},"13":{"name":"(anonymous_13)","decl":{"start":{"line":106,"column":20},"end":{"line":106,"column":35}},"loc":{"start":{"line":106,"column":35},"end":{"line":106,"column":68}},"line":106},"14":{"name":"(anonymous_14)","decl":{"start":{"line":112,"column":22},"end":{"line":112,"column":32}},"loc":{"start":{"line":112,"column":38},"end":{"line":112,"column":68}},"line":112}},"branchMap":{"0":{"loc":{"start":{"line":25,"column":4},"end":{"line":29,"column":null}},"type":"if","locations":[{"start":{"line":25,"column":4},"end":{"line":29,"column":null}},{"start":{},"end":{}}],"line":25},"1":{"loc":{"start":{"line":26,"column":6},"end":{"line":27,"column":57}},"type":"binary-expr","locations":[{"start":{"line":26,"column":6},"end":{"line":26,"column":null}},{"start":{"line":27,"column":6},"end":{"line":27,"column":57}}],"line":26},"2":{"loc":{"start":{"line":38,"column":4},"end":{"line":39,"column":null}},"type":"if","locations":[{"start":{"line":38,"column":4},"end":{"line":39,"column":null}},{"start":{},"end":{}}],"line":38},"3":{"loc":{"start":{"line":51,"column":4},"end":{"line":55,"column":null}},"type":"if","locations":[{"start":{"line":51,"column":4},"end":{"line":55,"column":null}},{"start":{},"end":{}}],"line":51},"4":{"loc":{"start":{"line":57,"column":4},"end":{"line":58,"column":null}},"type":"if","locations":[{"start":{"line":57,"column":4},"end":{"line":58,"column":null}},{"start":{},"end":{}}],"line":57},"5":{"loc":{"start":{"line":76,"column":28},"end":{"line":80,"column":null}},"type":"cond-expr","locations":[{"start":{"line":77,"column":8},"end":{"line":78,"column":null}},{"start":{"line":80,"column":8},"end":{"line":80,"column":null}}],"line":76},"6":{"loc":{"start":{"line":99,"column":13},"end":{"line":118,"column":null}},"type":"binary-expr","locations":[{"start":{"line":99,"column":13},"end":{"line":99,"column":28}},{"start":{"line":99,"column":28},"end":{"line":99,"column":null}},{"start":{"line":100,"column":14},"end":{"line":118,"column":null}}],"line":99},"7":{"loc":{"start":{"line":128,"column":13},"end":{"line":131,"column":null}},"type":"cond-expr","locations":[{"start":{"line":129,"column":14},"end":{"line":131,"column":15}},{"start":{"line":131,"column":14},"end":{"line":131,"column":null}}],"line":128}},"s":{"0":17,"1":17,"2":36,"3":9,"4":3,"5":38,"6":1,"7":2,"8":17,"9":17,"10":17,"11":17,"12":17,"13":5,"14":36,"15":9,"16":4,"17":3,"18":3,"19":3,"20":3,"21":38,"22":1,"23":1,"24":1,"25":1,"26":38,"27":1,"28":1,"29":1,"30":2,"31":2,"32":90,"33":90,"34":90,"35":4,"36":90,"37":7,"38":1,"39":2},"f":{"0":17,"1":17,"2":17,"3":17,"4":36,"5":9,"6":3,"7":38,"8":1,"9":2,"10":90,"11":4,"12":7,"13":1,"14":2},"b":{"0":[5,12],"1":[17,17],"2":[4,5],"3":[1,37],"4":[1,37],"5":[39,51],"6":[90,5,5],"7":[11,79]},"meta":{"lastBranch":8,"lastFunction":15,"lastStatement":40,"seen":{"s:6:10:6:50":0,"s:24:2:29:Infinity":1,"s:33:2:34:Infinity":2,"s:37:2:39:Infinity":3,"s:43:2:47:Infinity":4,"s:50:2:58:Infinity":5,"s:62:2:64:Infinity":6,"s:67:2:69:Infinity":7,"f:8:2:8:14":0,"s:9:4:9:Infinity":8,"s:10:4:13:Infinity":9,"f:16:2:16:28":1,"s:17:4:17:Infinity":10,"f:20:2:20:31":2,"s:21:4:21:Infinity":11,"f:24:2:24:24":3,"b:25:4:29:Infinity:undefined:undefined:undefined:undefined":0,"s:25:4:29:Infinity":12,"b:26:6:26:Infinity:27:6:27:57":1,"s:29:6:29:Infinity":13,"f:33:2:33:23":4,"s:34:4:34:Infinity":14,"f:37:2:37:28":5,"b:38:4:39:Infinity:undefined:undefined:undefined:undefined":2,"s:38:4:39:Infinity":15,"s:39:6:39:Infinity":16,"f:43:2:43:18":6,"s:44:4:44:Infinity":17,"s:45:25:45:53":18,"s:46:4:46:Infinity":19,"s:47:4:47:Infinity":20,"f:50:2:50:19":7,"b:51:4:55:Infinity:undefined:undefined:undefined:undefined":3,"s:51:4:55:Infinity":21,"s:52:6:52:Infinity":22,"s:53:27:53:55":23,"s:54:6:54:Infinity":24,"s:55:6:55:Infinity":25,"b:57:4:58:Infinity:undefined:undefined:undefined:undefined":4,"s:57:4:58:Infinity":26,"s:58:6:58:Infinity":27,"f:62:2:62:28":8,"s:63:4:63:Infinity":28,"s:64:4:64:Infinity":29,"f:67:2:67:22":9,"s:68:4:68:Infinity":30,"s:69:4:69:Infinity":31,"f:72:2:72:11":10,"s:73:41:73:Infinity":32,"s:74:40:74:Infinity":33,"s:76:28:80:Infinity":34,"b:77:8:78:Infinity:80:8:80:Infinity":5,"f:77:22:77:30":11,"s:78:10:78:70":35,"s:82:4:133:Infinity":36,"b:99:13:99:28:99:28:99:Infinity:100:14:118:Infinity":6,"f:102:33:102:38":12,"s:103:18:117:Infinity":37,"f:106:20:106:35":13,"s:106:35:106:68":38,"f:112:22:112:32":14,"s:112:38:112:68":39,"b:129:14:131:15:131:14:131:Infinity":7}}}
,"C:\\Users\\Aka\\Desktop\\RS-School\\my-app\\src\\components\\Spinner.tsx": {"path":"C:\\Users\\Aka\\Desktop\\RS-School\\my-app\\src\\components\\Spinner.tsx","statementMap":{"0":{"start":{"line":6,"column":4},"end":{"line":13,"column":null}}},"fnMap":{"0":{"name":"(anonymous_0)","decl":{"start":{"line":5,"column":2},"end":{"line":5,"column":11}},"loc":{"start":{"line":5,"column":11},"end":{"line":13,"column":null}},"line":5}},"branchMap":{},"s":{"0":12},"f":{"0":12},"b":{},"meta":{"lastBranch":0,"lastFunction":1,"lastStatement":1,"seen":{"f:5:2:5:11":0,"s:6:4:13:Infinity":0}}}
}
